<?xml version="1.0" encoding="UTF-8"?>
<testng-results ignored="0" total="1" passed="1" failed="0" skipped="0">
  <reporter-output>
  </reporter-output>
  <suite started-at="2022-10-09T16:29:57 IST" name="Suite" finished-at="2022-10-09T16:30:04 IST" duration-ms="6576">
    <groups>
    </groups>
    <test started-at="2022-10-09T16:29:57 IST" name="Test" finished-at="2022-10-09T16:30:04 IST" duration-ms="6576">
      <class name="com.tests.LoginAutomationTest">
        <test-method signature="f()[pri:0, instance:com.tests.LoginAutomationTest@363ee3a2]" started-at="2022-10-09T16:29:57 IST" name="f" finished-at="2022-10-09T16:30:04 IST" duration-ms="6538" status="PASS">
          <reporter-output>
          </reporter-output>
        </test-method> <!-- f -->
      </class> <!-- com.tests.LoginAutomationTest -->
    </test> <!-- Test -->
  </suite> <!-- Suite -->
</testng-results>
